benchmark/build/intermediates/manifest_merge_blame_file/benchmark/manifest-merger-blame-benchmark-report.txt
1<?xml version="1.0" encoding="utf-8"?>
2<manifest xmlns:android="http://schemas.android.com/apk/res/android"
3    package="com.nassdk.benchmark" >
4
5    <uses-sdk
5-->manifest\benchmark\tempFile2ProcessTestManifest1924267876153899417.xml:6:5-8:41
6        android:minSdkVersion="23"
6-->manifest\benchmark\tempFile2ProcessTestManifest1924267876153899417.xml:7:9-35
7        android:targetSdkVersion="32" />
7-->manifest\benchmark\tempFile2ProcessTestManifest1924267876153899417.xml:8:9-38
8
9    <queries>
9-->manifest\benchmark\tempFile2ProcessTestManifest1924267876153899417.xml:10:5-12:15
10        <package android:name="com.nassdk.careeriest" />
10-->manifest\benchmark\tempFile2ProcessTestManifest1924267876153899417.xml:11:9-57
10-->manifest\benchmark\tempFile2ProcessTestManifest1924267876153899417.xml:11:18-54
11        <package android:name="androidx.test.orchestrator" />
11-->[androidx.test:runner:1.4.0] AndroidManifest.xml:25:9-62
11-->[androidx.test:runner:1.4.0] AndroidManifest.xml:25:18-59
12        <package android:name="androidx.test.services" />
12-->[androidx.test:runner:1.4.0] AndroidManifest.xml:26:9-58
12-->[androidx.test:runner:1.4.0] AndroidManifest.xml:26:18-55
13        <package android:name="com.google.android.apps.common.testing.services" />
13-->[androidx.test:runner:1.4.0] AndroidManifest.xml:27:9-83
13-->[androidx.test:runner:1.4.0] AndroidManifest.xml:27:18-80
14    </queries>
15
16    <uses-permission android:name="android.permission.WRITE_EXTERNAL_STORAGE" />
16-->manifest\benchmark\tempFile2ProcessTestManifest1924267876153899417.xml:14:5-16:40
16-->manifest\benchmark\tempFile2ProcessTestManifest1924267876153899417.xml:15:9-65
17
18    <instrumentation
18-->manifest\benchmark\tempFile2ProcessTestManifest1924267876153899417.xml:18:5-23:56
19        android:name="androidx.test.runner.AndroidJUnitRunner"
19-->manifest\benchmark\tempFile2ProcessTestManifest1924267876153899417.xml:19:9-63
20        android:functionalTest="false"
20-->manifest\benchmark\tempFile2ProcessTestManifest1924267876153899417.xml:20:9-39
21        android:handleProfiling="false"
21-->manifest\benchmark\tempFile2ProcessTestManifest1924267876153899417.xml:21:9-40
22        android:label="Tests for com.nassdk.benchmark"
22-->manifest\benchmark\tempFile2ProcessTestManifest1924267876153899417.xml:22:9-55
23        android:targetPackage="com.nassdk.benchmark" />
23-->manifest\benchmark\tempFile2ProcessTestManifest1924267876153899417.xml:23:9-53
24
25    <!--
26    QUERY_ALL_PACKAGES is used to enable macrobenchmarks to read package information from
27    potential target packages, e.g. for querying debuggable, profileable, or default launch intent.
28
29    This could also be done by making each macrobenchmark specify a <queries/> tag, with the
30    target package, but this removes the need for documenting that setup step, and detecting
31    misconfiguration.
32    -->
33    <uses-permission android:name="android.permission.QUERY_ALL_PACKAGES" />
33-->[androidx.benchmark:benchmark-macro:1.1.0-rc02] AndroidManifest.xml:33:5-35:53
33-->[androidx.benchmark:benchmark-macro:1.1.0-rc02] AndroidManifest.xml:34:9-61
34    <uses-permission android:name="android.permission.READ_EXTERNAL_STORAGE" />
35    <uses-permission android:name="android.permission.REORDER_TASKS" />
35-->[androidx.test:core:1.4.0] AndroidManifest.xml:24:5-72
35-->[androidx.test:core:1.4.0] AndroidManifest.xml:24:22-69
36
37    <application
37-->manifest\benchmark\tempFile2ProcessTestManifest1924267876153899417.xml:25:5-27:19
38        android:debuggable="true"
39        android:extractNativeLibs="false" >
40        <uses-library android:name="android.test.runner" />
40-->manifest\benchmark\tempFile2ProcessTestManifest1924267876153899417.xml:26:9-60
40-->manifest\benchmark\tempFile2ProcessTestManifest1924267876153899417.xml:26:23-57
41        <!-- Activity used to block background content while benchmarks are running -->
42        <activity
42-->[androidx.benchmark:benchmark-common:1.1.0-rc02] AndroidManifest.xml:34:9-38:20
43            android:name="androidx.benchmark.IsolationActivity"
43-->[androidx.benchmark:benchmark-common:1.1.0-rc02] AndroidManifest.xml:35:13-64
44            android:exported="true"
44-->[androidx.benchmark:benchmark-common:1.1.0-rc02] AndroidManifest.xml:36:13-36
45            android:theme="@android:style/Theme.Light.NoTitleBar.Fullscreen" >
45-->[androidx.benchmark:benchmark-common:1.1.0-rc02] AndroidManifest.xml:37:13-77
46        </activity>
47        <activity
47-->[androidx.test:core:1.4.0] AndroidManifest.xml:27:9-34:20
48            android:name="androidx.test.core.app.InstrumentationActivityInvoker$BootstrapActivity"
48-->[androidx.test:core:1.4.0] AndroidManifest.xml:28:13-99
49            android:exported="true"
49-->[androidx.test:core:1.4.0] AndroidManifest.xml:29:13-36
50            android:theme="@android:style/Theme" >
50-->[androidx.test:core:1.4.0] AndroidManifest.xml:30:13-49
51            <intent-filter>
51-->[androidx.test:core:1.4.0] AndroidManifest.xml:31:13-33:29
52                <action android:name="android.intent.action.MAIN" />
52-->[androidx.test:core:1.4.0] AndroidManifest.xml:32:17-69
52-->[androidx.test:core:1.4.0] AndroidManifest.xml:32:25-66
53            </intent-filter>
54        </activity>
55        <activity
55-->[androidx.test:core:1.4.0] AndroidManifest.xml:35:9-42:20
56            android:name="androidx.test.core.app.InstrumentationActivityInvoker$EmptyActivity"
56-->[androidx.test:core:1.4.0] AndroidManifest.xml:36:13-95
57            android:exported="true"
57-->[androidx.test:core:1.4.0] AndroidManifest.xml:37:13-36
58            android:theme="@android:style/Theme" >
58-->[androidx.test:core:1.4.0] AndroidManifest.xml:38:13-49
59            <intent-filter>
59-->[androidx.test:core:1.4.0] AndroidManifest.xml:31:13-33:29
60                <action android:name="android.intent.action.MAIN" />
60-->[androidx.test:core:1.4.0] AndroidManifest.xml:32:17-69
60-->[androidx.test:core:1.4.0] AndroidManifest.xml:32:25-66
61            </intent-filter>
62        </activity>
63        <activity
63-->[androidx.test:core:1.4.0] AndroidManifest.xml:43:9-50:20
64            android:name="androidx.test.core.app.InstrumentationActivityInvoker$EmptyFloatingActivity"
64-->[androidx.test:core:1.4.0] AndroidManifest.xml:44:13-103
65            android:exported="true"
65-->[androidx.test:core:1.4.0] AndroidManifest.xml:45:13-36
66            android:theme="@android:style/Theme.Dialog" >
66-->[androidx.test:core:1.4.0] AndroidManifest.xml:46:13-56
67            <intent-filter>
67-->[androidx.test:core:1.4.0] AndroidManifest.xml:31:13-33:29
68                <action android:name="android.intent.action.MAIN" />
68-->[androidx.test:core:1.4.0] AndroidManifest.xml:32:17-69
68-->[androidx.test:core:1.4.0] AndroidManifest.xml:32:25-66
69            </intent-filter>
70        </activity>
71
72        <provider
72-->[androidx.profileinstaller:profileinstaller:1.0.3] AndroidManifest.xml:26:9-34:20
73            android:name="androidx.startup.InitializationProvider"
73-->[androidx.profileinstaller:profileinstaller:1.0.3] AndroidManifest.xml:27:13-67
74            android:authorities="com.nassdk.benchmark.androidx-startup"
74-->[androidx.profileinstaller:profileinstaller:1.0.3] AndroidManifest.xml:28:13-68
75            android:exported="false" >
75-->[androidx.profileinstaller:profileinstaller:1.0.3] AndroidManifest.xml:29:13-37
76            <meta-data
76-->[androidx.profileinstaller:profileinstaller:1.0.3] AndroidManifest.xml:31:13-33:52
77                android:name="androidx.profileinstaller.ProfileInstallerInitializer"
77-->[androidx.profileinstaller:profileinstaller:1.0.3] AndroidManifest.xml:32:17-85
78                android:value="androidx.startup" />
78-->[androidx.profileinstaller:profileinstaller:1.0.3] AndroidManifest.xml:33:17-49
79        </provider>
80
81        <receiver
81-->[androidx.profileinstaller:profileinstaller:1.0.3] AndroidManifest.xml:36:9-45:20
82            android:name="androidx.profileinstaller.ProfileInstallReceiver"
82-->[androidx.profileinstaller:profileinstaller:1.0.3] AndroidManifest.xml:37:13-76
83            android:directBootAware="false"
83-->[androidx.profileinstaller:profileinstaller:1.0.3] AndroidManifest.xml:38:13-44
84            android:enabled="true"
84-->[androidx.profileinstaller:profileinstaller:1.0.3] AndroidManifest.xml:39:13-35
85            android:exported="true"
85-->[androidx.profileinstaller:profileinstaller:1.0.3] AndroidManifest.xml:40:13-36
86            android:permission="android.permission.DUMP" >
86-->[androidx.profileinstaller:profileinstaller:1.0.3] AndroidManifest.xml:41:13-57
87            <intent-filter>
87-->[androidx.profileinstaller:profileinstaller:1.0.3] AndroidManifest.xml:42:13-44:29
88                <action android:name="androidx.profileinstaller.action.INSTALL_PROFILE" />
88-->[androidx.profileinstaller:profileinstaller:1.0.3] AndroidManifest.xml:43:17-91
88-->[androidx.profileinstaller:profileinstaller:1.0.3] AndroidManifest.xml:43:25-88
89            </intent-filter>
90        </receiver>
91    </application>
92
93</manifest>